2026-02-26 03:02:34,077 - FORAGER - INFO - Forager initialized [ID: 424e5440-dd1b-48af-84e7-5e10b8fcf469]
2026-02-26 03:02:34,077 - FORAGER - INFO - ============================================================
2026-02-26 03:02:34,077 - FORAGER - INFO - FORAGER CYCLE STARTED
2026-02-26 03:02:34,077 - FORAGER - INFO - ============================================================
2026-02-26 03:02:34,077 - FORAGER - INFO - Phase 1: Scanning system...
2026-02-26 03:02:34,077 - FORAGER - INFO - Scanning bot processes...
2026-02-26 03:02:34,089 - FORAGER - INFO - Checking disk usage...
2026-02-26 03:02:34,093 - FORAGER - INFO - Scanning recent logs...
2026-02-26 03:02:34,094 - FORAGER - INFO - Found 3 inefficiencies
2026-02-26 03:02:34,094 - FORAGER - INFO - Phase 2: Researching optimizations...
2026-02-26 03:02:34,095 - FORAGER - INFO - Generated 3 optimization proposals
2026-02-26 03:02:34,095 - FORAGER - INFO - Phase 3: Creating proposals...
2026-02-26 03:02:34,095 - FORAGER - INFO - Created proposal: proposal_ced4bf6f_process_failure.json
2026-02-26 03:02:34,095 - FORAGER - INFO -   ✓ proposal_ced4bf6f_process_failure.json
2026-02-26 03:02:34,095 - FORAGER - INFO - Created proposal: proposal_983dfd6b_resource_constraint.json
2026-02-26 03:02:34,095 - FORAGER - INFO -   ✓ proposal_983dfd6b_resource_constraint.json
2026-02-26 03:02:34,095 - FORAGER - INFO - Created proposal: proposal_812783a3_error_rate.json
2026-02-26 03:02:34,095 - FORAGER - INFO -   ✓ proposal_812783a3_error_rate.json
2026-02-26 03:02:34,095 - FORAGER - INFO - Created proposal: proposal_007bb370_architecture_improvement.json
2026-02-26 03:02:34,095 - FORAGER - INFO -   ✓ proposal_007bb370_architecture_improvement.json
2026-02-26 03:02:34,095 - FORAGER - INFO - Created proposal: proposal_8b8f39b0_automation.json
2026-02-26 03:02:34,095 - FORAGER - INFO -   ✓ proposal_8b8f39b0_automation.json
2026-02-26 03:02:34,095 - FORAGER - INFO - Created proposal: proposal_59c172ec_revenue_optimization.json
2026-02-26 03:02:34,095 - FORAGER - INFO -   ✓ proposal_59c172ec_revenue_optimization.json
2026-02-26 03:02:34,095 - FORAGER - INFO - ============================================================
2026-02-26 03:02:34,095 - FORAGER - INFO - FORAGER CYCLE COMPLETE
2026-02-26 03:02:34,095 - FORAGER - INFO - Proposals created: 6
2026-02-26 03:02:34,096 - FORAGER - INFO - Pending in queue: 6
2026-02-26 03:02:34,096 - FORAGER - INFO - ============================================================
