2026-02-26 03:02:58,066 - FORAGER - INFO - Forager initialized [ID: ec2836b7-30cb-4a5b-a0cb-71d5d0a1a91a]
2026-02-26 03:02:58,066 - FORAGER - INFO - ============================================================
2026-02-26 03:02:58,066 - FORAGER - INFO - FORAGER CYCLE STARTED
2026-02-26 03:02:58,067 - FORAGER - INFO - ============================================================
2026-02-26 03:02:58,067 - FORAGER - INFO - Phase 1: Scanning system...
2026-02-26 03:02:58,067 - FORAGER - INFO - Scanning bot processes...
2026-02-26 03:02:58,076 - FORAGER - INFO - Checking disk usage...
2026-02-26 03:02:58,078 - FORAGER - INFO - Scanning recent logs...
2026-02-26 03:02:58,078 - FORAGER - INFO - Found 3 inefficiencies
2026-02-26 03:02:58,078 - FORAGER - INFO - Phase 2: Researching optimizations...
2026-02-26 03:02:58,079 - FORAGER - INFO - Generated 3 optimization proposals
2026-02-26 03:02:58,079 - FORAGER - INFO - Phase 3: Creating proposals...
2026-02-26 03:02:58,079 - FORAGER - INFO - Created proposal: proposal_6c072594_process_failure.json
2026-02-26 03:02:58,079 - FORAGER - INFO -   ✓ proposal_6c072594_process_failure.json
2026-02-26 03:02:58,079 - FORAGER - INFO - Created proposal: proposal_1f8a3df5_resource_constraint.json
2026-02-26 03:02:58,079 - FORAGER - INFO -   ✓ proposal_1f8a3df5_resource_constraint.json
2026-02-26 03:02:58,079 - FORAGER - INFO - Created proposal: proposal_90ce59ca_error_rate.json
2026-02-26 03:02:58,079 - FORAGER - INFO -   ✓ proposal_90ce59ca_error_rate.json
2026-02-26 03:02:58,079 - FORAGER - INFO - Created proposal: proposal_0adab403_architecture_improvement.json
2026-02-26 03:02:58,079 - FORAGER - INFO -   ✓ proposal_0adab403_architecture_improvement.json
2026-02-26 03:02:58,079 - FORAGER - INFO - Created proposal: proposal_9ce4bf56_automation.json
2026-02-26 03:02:58,079 - FORAGER - INFO -   ✓ proposal_9ce4bf56_automation.json
2026-02-26 03:02:58,079 - FORAGER - INFO - Created proposal: proposal_52af93ba_revenue_optimization.json
2026-02-26 03:02:58,079 - FORAGER - INFO -   ✓ proposal_52af93ba_revenue_optimization.json
2026-02-26 03:02:58,079 - FORAGER - INFO - ============================================================
2026-02-26 03:02:58,079 - FORAGER - INFO - FORAGER CYCLE COMPLETE
2026-02-26 03:02:58,079 - FORAGER - INFO - Proposals created: 6
2026-02-26 03:02:58,080 - FORAGER - INFO - Pending in queue: 6
2026-02-26 03:02:58,080 - FORAGER - INFO - ============================================================
2026-02-26 03:03:10,695 - FORAGER - INFO - Forager initialized [ID: e18b93d1-0c75-471e-b7d3-50768ff262c6]
2026-02-26 03:03:10,695 - FORAGER - INFO - ============================================================
2026-02-26 03:03:10,695 - FORAGER - INFO - FORAGER CYCLE STARTED
2026-02-26 03:03:10,695 - FORAGER - INFO - ============================================================
2026-02-26 03:03:10,695 - FORAGER - INFO - Phase 1: Scanning system...
2026-02-26 03:03:10,695 - FORAGER - INFO - Scanning bot processes...
2026-02-26 03:03:10,712 - FORAGER - INFO - Checking disk usage...
2026-02-26 03:03:10,715 - FORAGER - INFO - Scanning recent logs...
2026-02-26 03:03:10,717 - FORAGER - INFO - Found 3 inefficiencies
2026-02-26 03:03:10,717 - FORAGER - INFO - Phase 2: Researching optimizations...
2026-02-26 03:03:10,717 - FORAGER - INFO - Generated 3 optimization proposals
2026-02-26 03:03:10,717 - FORAGER - INFO - Phase 3: Creating proposals...
2026-02-26 03:03:10,717 - FORAGER - INFO - Created proposal: proposal_ece43b72_process_failure.json
2026-02-26 03:03:10,717 - FORAGER - INFO -   ✓ proposal_ece43b72_process_failure.json
2026-02-26 03:03:10,717 - FORAGER - INFO - Created proposal: proposal_1741eecf_resource_constraint.json
2026-02-26 03:03:10,717 - FORAGER - INFO -   ✓ proposal_1741eecf_resource_constraint.json
2026-02-26 03:03:10,717 - FORAGER - INFO - Created proposal: proposal_b8be17e3_error_rate.json
2026-02-26 03:03:10,718 - FORAGER - INFO -   ✓ proposal_b8be17e3_error_rate.json
2026-02-26 03:03:10,718 - FORAGER - INFO - Created proposal: proposal_5c7779c4_architecture_improvement.json
2026-02-26 03:03:10,718 - FORAGER - INFO -   ✓ proposal_5c7779c4_architecture_improvement.json
2026-02-26 03:03:10,718 - FORAGER - INFO - Created proposal: proposal_e080167d_automation.json
2026-02-26 03:03:10,718 - FORAGER - INFO -   ✓ proposal_e080167d_automation.json
2026-02-26 03:03:10,718 - FORAGER - INFO - Created proposal: proposal_d0b3b588_revenue_optimization.json
2026-02-26 03:03:10,718 - FORAGER - INFO -   ✓ proposal_d0b3b588_revenue_optimization.json
2026-02-26 03:03:10,718 - FORAGER - INFO - ============================================================
2026-02-26 03:03:10,718 - FORAGER - INFO - FORAGER CYCLE COMPLETE
2026-02-26 03:03:10,718 - FORAGER - INFO - Proposals created: 6
2026-02-26 03:03:10,718 - FORAGER - INFO - Pending in queue: 12
2026-02-26 03:03:10,718 - FORAGER - INFO - ============================================================
2026-02-26 03:08:02,104 - FORAGER - INFO - Forager initialized [ID: 99f3ca9b-7832-4eb5-8da4-88bebf5a2229]
2026-02-26 03:08:02,105 - FORAGER - INFO - ============================================================
2026-02-26 03:08:02,105 - FORAGER - INFO - FORAGER CYCLE STARTED
2026-02-26 03:08:02,105 - FORAGER - INFO - ============================================================
2026-02-26 03:08:02,105 - FORAGER - INFO - Phase 1: Scanning system...
2026-02-26 03:08:02,105 - FORAGER - INFO - Scanning bot processes...
2026-02-26 03:08:02,118 - FORAGER - INFO - Checking disk usage...
2026-02-26 03:08:02,121 - FORAGER - INFO - Scanning recent logs...
2026-02-26 03:08:02,124 - FORAGER - INFO - Found 3 inefficiencies
2026-02-26 03:08:02,124 - FORAGER - INFO - Phase 2: Researching optimizations...
2026-02-26 03:08:02,124 - FORAGER - INFO - Generated 3 optimization proposals
2026-02-26 03:08:02,124 - FORAGER - INFO - Phase 3: Creating proposals...
2026-02-26 03:08:02,125 - FORAGER - INFO - Created proposal: proposal_dcf136e2_process_failure.json
2026-02-26 03:08:02,125 - FORAGER - INFO -   ✓ proposal_dcf136e2_process_failure.json
2026-02-26 03:08:02,125 - FORAGER - INFO - Created proposal: proposal_f8c609e6_resource_constraint.json
2026-02-26 03:08:02,125 - FORAGER - INFO -   ✓ proposal_f8c609e6_resource_constraint.json
2026-02-26 03:08:02,125 - FORAGER - INFO - Created proposal: proposal_8c061a7f_error_rate.json
2026-02-26 03:08:02,125 - FORAGER - INFO -   ✓ proposal_8c061a7f_error_rate.json
2026-02-26 03:08:02,125 - FORAGER - INFO - Created proposal: proposal_3868ef10_architecture_improvement.json
2026-02-26 03:08:02,125 - FORAGER - INFO -   ✓ proposal_3868ef10_architecture_improvement.json
2026-02-26 03:08:02,125 - FORAGER - INFO - Created proposal: proposal_2927098f_automation.json
2026-02-26 03:08:02,125 - FORAGER - INFO -   ✓ proposal_2927098f_automation.json
2026-02-26 03:08:02,126 - FORAGER - INFO - Created proposal: proposal_b7380742_revenue_optimization.json
2026-02-26 03:08:02,126 - FORAGER - INFO -   ✓ proposal_b7380742_revenue_optimization.json
2026-02-26 03:08:02,126 - FORAGER - INFO - ============================================================
2026-02-26 03:08:02,126 - FORAGER - INFO - FORAGER CYCLE COMPLETE
2026-02-26 03:08:02,126 - FORAGER - INFO - Proposals created: 6
2026-02-26 03:08:02,126 - FORAGER - INFO - Pending in queue: 18
2026-02-26 03:08:02,126 - FORAGER - INFO - ============================================================
2026-02-26 03:12:12,131 - FORAGER - INFO - Forager initialized [ID: 9e99436a-1b38-434c-aa32-23e35c43aff6]
2026-02-26 03:12:12,132 - FORAGER - INFO - ============================================================
2026-02-26 03:12:12,132 - FORAGER - INFO - FORAGER CYCLE STARTED
2026-02-26 03:12:12,132 - FORAGER - INFO - ============================================================
2026-02-26 03:12:12,132 - FORAGER - INFO - Phase 1: Scanning system...
2026-02-26 03:12:12,132 - FORAGER - INFO - Scanning bot processes...
2026-02-26 03:12:12,145 - FORAGER - INFO - Checking disk usage...
2026-02-26 03:12:12,148 - FORAGER - INFO - Scanning recent logs...
2026-02-26 03:12:12,151 - FORAGER - INFO - Found 3 inefficiencies
2026-02-26 03:12:12,151 - FORAGER - INFO - Phase 2: Researching optimizations...
2026-02-26 03:12:12,151 - FORAGER - INFO - Generated 3 optimization proposals
2026-02-26 03:12:12,151 - FORAGER - INFO - Phase 3: Creating proposals...
2026-02-26 03:12:12,151 - FORAGER - INFO - Created proposal: proposal_a97c4e9c_process_failure.json
2026-02-26 03:12:12,151 - FORAGER - INFO -   ✓ proposal_a97c4e9c_process_failure.json
2026-02-26 03:12:12,151 - FORAGER - INFO - Created proposal: proposal_d7c00a63_resource_constraint.json
2026-02-26 03:12:12,151 - FORAGER - INFO -   ✓ proposal_d7c00a63_resource_constraint.json
2026-02-26 03:12:12,152 - FORAGER - INFO - Created proposal: proposal_53387f2b_error_rate.json
2026-02-26 03:12:12,152 - FORAGER - INFO -   ✓ proposal_53387f2b_error_rate.json
2026-02-26 03:12:12,152 - FORAGER - INFO - Created proposal: proposal_6f27fdda_architecture_improvement.json
2026-02-26 03:12:12,152 - FORAGER - INFO -   ✓ proposal_6f27fdda_architecture_improvement.json
2026-02-26 03:12:12,152 - FORAGER - INFO - Created proposal: proposal_e69c40ce_automation.json
2026-02-26 03:12:12,152 - FORAGER - INFO -   ✓ proposal_e69c40ce_automation.json
2026-02-26 03:12:12,152 - FORAGER - INFO - Created proposal: proposal_0296f899_revenue_optimization.json
2026-02-26 03:12:12,152 - FORAGER - INFO -   ✓ proposal_0296f899_revenue_optimization.json
2026-02-26 03:12:12,152 - FORAGER - INFO - ============================================================
2026-02-26 03:12:12,152 - FORAGER - INFO - FORAGER CYCLE COMPLETE
2026-02-26 03:12:12,152 - FORAGER - INFO - Proposals created: 6
2026-02-26 03:12:12,152 - FORAGER - INFO - Pending in queue: 24
2026-02-26 03:12:12,152 - FORAGER - INFO - ============================================================
2026-02-26 03:15:15,516 - FORAGER - INFO - Forager initialized [ID: b6978f90-a9a3-4aeb-b767-c0bfc2ec5a97]
2026-02-26 03:15:15,517 - FORAGER - INFO - ============================================================
2026-02-26 03:15:15,517 - FORAGER - INFO - FORAGER CYCLE STARTED
2026-02-26 03:15:15,517 - FORAGER - INFO - ============================================================
2026-02-26 03:15:15,517 - FORAGER - INFO - Phase 1: Scanning system...
2026-02-26 03:15:15,517 - FORAGER - INFO - Scanning bot processes...
2026-02-26 03:15:15,532 - FORAGER - INFO - Checking disk usage...
2026-02-26 03:15:15,535 - FORAGER - INFO - Scanning recent logs...
2026-02-26 03:15:15,537 - FORAGER - INFO - Found 3 inefficiencies
2026-02-26 03:15:15,537 - FORAGER - INFO - Phase 2: Researching optimizations...
2026-02-26 03:15:15,537 - FORAGER - INFO - Generated 3 optimization proposals
2026-02-26 03:15:15,537 - FORAGER - INFO - Phase 3: Creating proposals...
2026-02-26 03:15:15,538 - FORAGER - INFO - Created proposal: proposal_59cbc829_process_failure.json
2026-02-26 03:15:15,538 - FORAGER - INFO -   ✓ proposal_59cbc829_process_failure.json
2026-02-26 03:15:15,538 - FORAGER - INFO - Created proposal: proposal_564700a2_resource_constraint.json
2026-02-26 03:15:15,538 - FORAGER - INFO -   ✓ proposal_564700a2_resource_constraint.json
2026-02-26 03:15:15,538 - FORAGER - INFO - Created proposal: proposal_1860a670_error_rate.json
2026-02-26 03:15:15,538 - FORAGER - INFO -   ✓ proposal_1860a670_error_rate.json
2026-02-26 03:15:15,538 - FORAGER - INFO - Created proposal: proposal_609aaf6a_architecture_improvement.json
2026-02-26 03:15:15,538 - FORAGER - INFO -   ✓ proposal_609aaf6a_architecture_improvement.json
2026-02-26 03:15:15,538 - FORAGER - INFO - Created proposal: proposal_95923fd5_automation.json
2026-02-26 03:15:15,538 - FORAGER - INFO -   ✓ proposal_95923fd5_automation.json
2026-02-26 03:15:15,539 - FORAGER - INFO - Created proposal: proposal_db1ea6b9_revenue_optimization.json
2026-02-26 03:15:15,539 - FORAGER - INFO -   ✓ proposal_db1ea6b9_revenue_optimization.json
2026-02-26 03:15:15,539 - FORAGER - INFO - ============================================================
2026-02-26 03:15:15,539 - FORAGER - INFO - FORAGER CYCLE COMPLETE
2026-02-26 03:15:15,539 - FORAGER - INFO - Proposals created: 6
2026-02-26 03:15:15,539 - FORAGER - INFO - Pending in queue: 30
2026-02-26 03:15:15,539 - FORAGER - INFO - ============================================================
2026-02-26 03:29:42,497 - FORAGER - INFO - Forager initialized [ID: 8cc75346-d19f-41a9-bd5b-655555637c3d]
2026-02-26 03:29:42,498 - FORAGER - INFO - ============================================================
2026-02-26 03:29:42,498 - FORAGER - INFO - FORAGER CYCLE STARTED
2026-02-26 03:29:42,498 - FORAGER - INFO - ============================================================
2026-02-26 03:29:42,498 - FORAGER - INFO - Phase 1: Scanning system...
2026-02-26 03:29:42,498 - FORAGER - INFO - Scanning bot processes...
2026-02-26 03:29:42,512 - FORAGER - INFO - Checking disk usage...
2026-02-26 03:29:42,516 - FORAGER - INFO - Scanning recent logs...
2026-02-26 03:29:42,518 - FORAGER - INFO - Found 3 inefficiencies
2026-02-26 03:29:42,518 - FORAGER - INFO - Phase 2: Researching optimizations...
2026-02-26 03:29:42,518 - FORAGER - INFO - Generated 3 optimization proposals
2026-02-26 03:29:42,519 - FORAGER - INFO - Phase 3: Creating proposals...
2026-02-26 03:29:42,519 - FORAGER - INFO - Created proposal: proposal_952de058_process_failure.json
2026-02-26 03:29:42,519 - FORAGER - INFO -   ✓ proposal_952de058_process_failure.json
2026-02-26 03:29:42,519 - FORAGER - INFO - Created proposal: proposal_b4d86c84_resource_constraint.json
2026-02-26 03:29:42,519 - FORAGER - INFO -   ✓ proposal_b4d86c84_resource_constraint.json
2026-02-26 03:29:42,519 - FORAGER - INFO - Created proposal: proposal_45451985_error_rate.json
2026-02-26 03:29:42,519 - FORAGER - INFO -   ✓ proposal_45451985_error_rate.json
2026-02-26 03:29:42,519 - FORAGER - INFO - Created proposal: proposal_ae8574f0_architecture_improvement.json
2026-02-26 03:29:42,519 - FORAGER - INFO -   ✓ proposal_ae8574f0_architecture_improvement.json
2026-02-26 03:29:42,520 - FORAGER - INFO - Created proposal: proposal_d1124353_automation.json
2026-02-26 03:29:42,520 - FORAGER - INFO -   ✓ proposal_d1124353_automation.json
2026-02-26 03:29:42,520 - FORAGER - INFO - Created proposal: proposal_6d65d714_revenue_optimization.json
2026-02-26 03:29:42,520 - FORAGER - INFO -   ✓ proposal_6d65d714_revenue_optimization.json
2026-02-26 03:29:42,520 - FORAGER - INFO - ============================================================
2026-02-26 03:29:42,520 - FORAGER - INFO - FORAGER CYCLE COMPLETE
2026-02-26 03:29:42,520 - FORAGER - INFO - Proposals created: 6
2026-02-26 03:29:42,520 - FORAGER - INFO - Pending in queue: 36
2026-02-26 03:29:42,520 - FORAGER - INFO - ============================================================
2026-02-26 04:20:08,648 - FORAGER - INFO - Forager initialized [ID: f41197e5-0ee8-4d32-ab44-33f64f6a11ab]
2026-02-26 04:20:08,648 - FORAGER - INFO - ============================================================
2026-02-26 04:20:08,648 - FORAGER - INFO - FORAGER CYCLE STARTED
2026-02-26 04:20:08,648 - FORAGER - INFO - ============================================================
2026-02-26 04:20:08,648 - FORAGER - INFO - Phase 1: Scanning system...
2026-02-26 04:20:08,648 - FORAGER - INFO - Scanning bot processes...
2026-02-26 04:20:08,658 - FORAGER - INFO - Checking disk usage...
2026-02-26 04:20:08,661 - FORAGER - INFO - Scanning recent logs...
2026-02-26 04:20:08,663 - FORAGER - INFO - Found 3 inefficiencies
2026-02-26 04:20:08,663 - FORAGER - INFO - Phase 2: Researching optimizations...
2026-02-26 04:20:08,663 - FORAGER - INFO - Generated 3 optimization proposals
2026-02-26 04:20:08,663 - FORAGER - INFO - Phase 3: Creating proposals...
2026-02-26 04:20:08,663 - FORAGER - INFO - Created proposal: proposal_0ddb7da5_process_failure.json
2026-02-26 04:20:08,663 - FORAGER - INFO -   ✓ proposal_0ddb7da5_process_failure.json
2026-02-26 04:20:08,664 - FORAGER - INFO - Created proposal: proposal_7a93b8cb_resource_constraint.json
2026-02-26 04:20:08,664 - FORAGER - INFO -   ✓ proposal_7a93b8cb_resource_constraint.json
2026-02-26 04:20:08,664 - FORAGER - INFO - Created proposal: proposal_c479ca12_error_rate.json
2026-02-26 04:20:08,664 - FORAGER - INFO -   ✓ proposal_c479ca12_error_rate.json
2026-02-26 04:20:08,664 - FORAGER - INFO - Created proposal: proposal_81e8006c_architecture_improvement.json
2026-02-26 04:20:08,664 - FORAGER - INFO -   ✓ proposal_81e8006c_architecture_improvement.json
2026-02-26 04:20:08,664 - FORAGER - INFO - Created proposal: proposal_69ce5124_automation.json
2026-02-26 04:20:08,664 - FORAGER - INFO -   ✓ proposal_69ce5124_automation.json
2026-02-26 04:20:08,664 - FORAGER - INFO - Created proposal: proposal_7a6c2678_revenue_optimization.json
2026-02-26 04:20:08,664 - FORAGER - INFO -   ✓ proposal_7a6c2678_revenue_optimization.json
2026-02-26 04:20:08,664 - FORAGER - INFO - ============================================================
2026-02-26 04:20:08,664 - FORAGER - INFO - FORAGER CYCLE COMPLETE
2026-02-26 04:20:08,664 - FORAGER - INFO - Proposals created: 6
2026-02-26 04:20:08,664 - FORAGER - INFO - Pending in queue: 42
2026-02-26 04:20:08,664 - FORAGER - INFO - ============================================================
2026-02-26 04:36:36,984 - FORAGER - INFO - Forager initialized [ID: 1c29fdbc-d436-461b-93b6-bdb6d9e538e4]
2026-02-26 04:36:36,984 - FORAGER - INFO - ============================================================
2026-02-26 04:36:36,984 - FORAGER - INFO - FORAGER CYCLE STARTED
2026-02-26 04:36:36,984 - FORAGER - INFO - ============================================================
2026-02-26 04:36:36,984 - FORAGER - INFO - Phase 1: Scanning system...
2026-02-26 04:36:36,984 - FORAGER - INFO - Scanning bot processes...
2026-02-26 04:36:36,996 - FORAGER - INFO - Checking disk usage...
2026-02-26 04:36:36,998 - FORAGER - INFO - Scanning recent logs...
2026-02-26 04:36:37,002 - FORAGER - INFO - Found 3 inefficiencies
2026-02-26 04:36:37,002 - FORAGER - INFO - Phase 2: Researching optimizations...
2026-02-26 04:36:37,002 - FORAGER - INFO - Generated 3 optimization proposals
2026-02-26 04:36:37,002 - FORAGER - INFO - Phase 3: Creating proposals...
2026-02-26 04:36:37,002 - FORAGER - INFO - Created proposal: proposal_d7e7f255_process_failure.json
2026-02-26 04:36:37,002 - FORAGER - INFO -   ✓ proposal_d7e7f255_process_failure.json
2026-02-26 04:36:37,002 - FORAGER - INFO - Created proposal: proposal_9a56f631_resource_constraint.json
2026-02-26 04:36:37,002 - FORAGER - INFO -   ✓ proposal_9a56f631_resource_constraint.json
2026-02-26 04:36:37,003 - FORAGER - INFO - Created proposal: proposal_e0b413ad_error_rate.json
2026-02-26 04:36:37,003 - FORAGER - INFO -   ✓ proposal_e0b413ad_error_rate.json
2026-02-26 04:36:37,003 - FORAGER - INFO - Created proposal: proposal_2bb2b022_architecture_improvement.json
2026-02-26 04:36:37,003 - FORAGER - INFO -   ✓ proposal_2bb2b022_architecture_improvement.json
2026-02-26 04:36:37,003 - FORAGER - INFO - Created proposal: proposal_daa7428a_automation.json
2026-02-26 04:36:37,003 - FORAGER - INFO -   ✓ proposal_daa7428a_automation.json
2026-02-26 04:36:37,003 - FORAGER - INFO - Created proposal: proposal_89e842e4_revenue_optimization.json
2026-02-26 04:36:37,003 - FORAGER - INFO -   ✓ proposal_89e842e4_revenue_optimization.json
2026-02-26 04:36:37,003 - FORAGER - INFO - ============================================================
2026-02-26 04:36:37,003 - FORAGER - INFO - FORAGER CYCLE COMPLETE
2026-02-26 04:36:37,003 - FORAGER - INFO - Proposals created: 6
2026-02-26 04:36:37,003 - FORAGER - INFO - Pending in queue: 48
2026-02-26 04:36:37,003 - FORAGER - INFO - ============================================================
2026-02-26 05:06:43,242 - FORAGER - INFO - Forager initialized [ID: 60e21fa3-78d0-4a4f-bef3-af1a47bb3d72]
2026-02-26 05:06:43,242 - FORAGER - INFO - ============================================================
2026-02-26 05:06:43,242 - FORAGER - INFO - FORAGER CYCLE STARTED
2026-02-26 05:06:43,242 - FORAGER - INFO - ============================================================
2026-02-26 05:06:43,242 - FORAGER - INFO - Phase 1: Scanning system...
2026-02-26 05:06:43,242 - FORAGER - INFO - Scanning bot processes...
2026-02-26 05:06:43,255 - FORAGER - INFO - Checking disk usage...
2026-02-26 05:06:43,259 - FORAGER - INFO - Scanning recent logs...
2026-02-26 05:06:43,265 - FORAGER - INFO - Found 3 inefficiencies
2026-02-26 05:06:43,265 - FORAGER - INFO - Phase 2: Researching optimizations...
2026-02-26 05:06:43,265 - FORAGER - INFO - Generated 3 optimization proposals
2026-02-26 05:06:43,265 - FORAGER - INFO - Phase 3: Creating proposals...
2026-02-26 05:06:43,266 - FORAGER - INFO - Created proposal: proposal_da25abd0_process_failure.json
2026-02-26 05:06:43,266 - FORAGER - INFO -   ✓ proposal_da25abd0_process_failure.json
2026-02-26 05:06:43,266 - FORAGER - INFO - Created proposal: proposal_e0e9ca4b_resource_constraint.json
2026-02-26 05:06:43,266 - FORAGER - INFO -   ✓ proposal_e0e9ca4b_resource_constraint.json
2026-02-26 05:06:43,266 - FORAGER - INFO - Created proposal: proposal_e0de3887_error_rate.json
2026-02-26 05:06:43,266 - FORAGER - INFO -   ✓ proposal_e0de3887_error_rate.json
2026-02-26 05:06:43,266 - FORAGER - INFO - Created proposal: proposal_32b35b13_architecture_improvement.json
2026-02-26 05:06:43,266 - FORAGER - INFO -   ✓ proposal_32b35b13_architecture_improvement.json
2026-02-26 05:06:43,266 - FORAGER - INFO - Created proposal: proposal_57e650bf_automation.json
2026-02-26 05:06:43,266 - FORAGER - INFO -   ✓ proposal_57e650bf_automation.json
2026-02-26 05:06:43,266 - FORAGER - INFO - Created proposal: proposal_11b11a75_revenue_optimization.json
2026-02-26 05:06:43,266 - FORAGER - INFO -   ✓ proposal_11b11a75_revenue_optimization.json
2026-02-26 05:06:43,266 - FORAGER - INFO - ============================================================
2026-02-26 05:06:43,266 - FORAGER - INFO - FORAGER CYCLE COMPLETE
2026-02-26 05:06:43,266 - FORAGER - INFO - Proposals created: 6
2026-02-26 05:06:43,267 - FORAGER - INFO - Pending in queue: 54
2026-02-26 05:06:43,267 - FORAGER - INFO - ============================================================
