2026-02-26 03:03:12,865 - FORGE - INFO - Forge initialized [ID: 3caf9910-a241-49f7-9758-a34912c2848d]
2026-02-26 03:03:12,865 - FORGE - INFO - ============================================================
2026-02-26 03:03:12,865 - FORGE - INFO - FORGE CYCLE STARTED
2026-02-26 03:03:12,865 - FORGE - INFO - ============================================================
2026-02-26 03:03:12,885 - FORGE - INFO - Found pending proposal: proposal_1f8a3df5_resource_constraint.json
2026-02-26 03:03:12,908 - FORGE - INFO - Found pending proposal: proposal_90ce59ca_error_rate.json
2026-02-26 03:03:12,908 - FORGE - INFO - Found pending proposal: proposal_1741eecf_resource_constraint.json
2026-02-26 03:03:12,931 - FORGE - INFO - Found pending proposal: proposal_9ce4bf56_automation.json
2026-02-26 03:03:12,931 - FORGE - INFO - Found pending proposal: proposal_e080167d_automation.json
2026-02-26 03:03:12,931 - FORGE - INFO - Found pending proposal: proposal_d0b3b588_revenue_optimization.json
2026-02-26 03:03:12,952 - FORGE - INFO - Found pending proposal: proposal_0adab403_architecture_improvement.json
2026-02-26 03:03:12,952 - FORGE - INFO - Found pending proposal: proposal_6c072594_process_failure.json
2026-02-26 03:03:12,973 - FORGE - INFO - Found pending proposal: proposal_52af93ba_revenue_optimization.json
2026-02-26 03:03:12,973 - FORGE - INFO - Found pending proposal: proposal_b8be17e3_error_rate.json
2026-02-26 03:03:12,974 - FORGE - INFO - Found pending proposal: proposal_5c7779c4_architecture_improvement.json
2026-02-26 03:03:12,974 - FORGE - INFO - Found pending proposal: proposal_ece43b72_process_failure.json
2026-02-26 03:03:12,974 - FORGE - INFO - Processing 12 proposals...
2026-02-26 03:03:12,974 - FORGE - INFO - Implementing proposal 1f8a3df5: System Improvement
2026-02-26 03:03:13,020 - FORGE - INFO - ✅ Implementation complete: forge_1f8a3df5_1772046192
2026-02-26 03:03:13,021 - FORGE - INFO - Implementing proposal 90ce59ca: System Improvement
2026-02-26 03:03:13,045 - FORGE - INFO - ✅ Implementation complete: forge_90ce59ca_1772046193
2026-02-26 03:03:13,045 - FORGE - INFO - Implementing proposal 1741eecf: System Improvement
2026-02-26 03:03:13,112 - FORGE - INFO - ✅ Implementation complete: forge_1741eecf_1772046193
2026-02-26 03:03:13,113 - FORGE - INFO - Implementing proposal 9ce4bf56: Deploy MarketingBot Content
2026-02-26 03:03:13,116 - FORGE - INFO - ✅ Implementation complete: forge_9ce4bf56_1772046193
2026-02-26 03:03:13,116 - FORGE - INFO - Implementing proposal e080167d: Deploy MarketingBot Content
2026-02-26 03:03:13,156 - FORGE - INFO - ✅ Implementation complete: forge_e080167d_1772046193
2026-02-26 03:03:13,156 - FORGE - INFO - Implementing proposal d0b3b588: Add Stripe Payment to Booking Bot
2026-02-26 03:03:13,224 - FORGE - INFO - ✅ Implementation complete: forge_d0b3b588_1772046193
2026-02-26 03:03:13,224 - FORGE - INFO - Implementing proposal 0adab403: Implement 4-Pillar RSI System
2026-02-26 03:03:13,291 - FORGE - INFO - ✅ Implementation complete: forge_0adab403_1772046193
2026-02-26 03:03:13,291 - FORGE - INFO - Implementing proposal 6c072594: System Improvement
2026-02-26 03:03:13,292 - FORGE - INFO - Creating fix for process: concierge_bot
2026-02-26 03:03:13,316 - FORGE - INFO - ✅ Implementation complete: forge_6c072594_1772046193
2026-02-26 03:03:13,317 - FORGE - INFO - Implementing proposal 52af93ba: Add Stripe Payment to Booking Bot
2026-02-26 03:03:13,321 - FORGE - INFO - ✅ Implementation complete: forge_52af93ba_1772046193
2026-02-26 03:03:13,321 - FORGE - INFO - Implementing proposal b8be17e3: System Improvement
2026-02-26 03:03:13,323 - FORGE - INFO - ✅ Implementation complete: forge_b8be17e3_1772046193
2026-02-26 03:03:13,323 - FORGE - INFO - Implementing proposal 5c7779c4: Implement 4-Pillar RSI System
2026-02-26 03:03:13,325 - FORGE - INFO - ✅ Implementation complete: forge_5c7779c4_1772046193
2026-02-26 03:03:13,326 - FORGE - INFO - Implementing proposal ece43b72: System Improvement
2026-02-26 03:03:13,326 - FORGE - INFO - Creating fix for process: concierge_bot
2026-02-26 03:03:13,328 - FORGE - INFO - ✅ Implementation complete: forge_ece43b72_1772046193
2026-02-26 03:03:13,328 - FORGE - INFO - ============================================================
2026-02-26 03:03:13,328 - FORGE - INFO - FORGE CYCLE COMPLETE
2026-02-26 03:03:13,329 - FORGE - INFO - Implemented: 12
2026-02-26 03:03:13,329 - FORGE - INFO - Failed: 0
2026-02-26 03:03:13,329 - FORGE - INFO - Staging items: 12
2026-02-26 03:03:13,329 - FORGE - INFO - ============================================================
2026-02-26 03:08:04,274 - FORGE - INFO - Forge initialized [ID: abf0df2b-e89a-4650-a4a0-bc3184111cf9]
2026-02-26 03:08:04,274 - FORGE - INFO - ============================================================
2026-02-26 03:08:04,274 - FORGE - INFO - FORGE CYCLE STARTED
2026-02-26 03:08:04,274 - FORGE - INFO - ============================================================
2026-02-26 03:08:04,275 - FORGE - INFO - Found pending proposal: proposal_8c061a7f_error_rate.json
2026-02-26 03:08:04,276 - FORGE - INFO - Found pending proposal: proposal_2927098f_automation.json
2026-02-26 03:08:04,276 - FORGE - INFO - Found pending proposal: proposal_f8c609e6_resource_constraint.json
2026-02-26 03:08:04,276 - FORGE - INFO - Found pending proposal: proposal_b7380742_revenue_optimization.json
2026-02-26 03:08:04,276 - FORGE - INFO - Found pending proposal: proposal_3868ef10_architecture_improvement.json
2026-02-26 03:08:04,277 - FORGE - INFO - Found pending proposal: proposal_dcf136e2_process_failure.json
2026-02-26 03:08:04,277 - FORGE - INFO - Processing 6 proposals...
2026-02-26 03:08:04,277 - FORGE - INFO - Implementing proposal 8c061a7f: System Improvement
2026-02-26 03:08:04,278 - FORGE - INFO - ✅ Implementation complete: forge_8c061a7f_1772046484
2026-02-26 03:08:04,278 - FORGE - INFO - Implementing proposal 2927098f: Deploy MarketingBot Content
2026-02-26 03:08:04,279 - FORGE - INFO - ✅ Implementation complete: forge_2927098f_1772046484
2026-02-26 03:08:04,279 - FORGE - INFO - Implementing proposal f8c609e6: System Improvement
2026-02-26 03:08:04,279 - FORGE - INFO - ✅ Implementation complete: forge_f8c609e6_1772046484
2026-02-26 03:08:04,279 - FORGE - INFO - Implementing proposal b7380742: Add Stripe Payment to Booking Bot
2026-02-26 03:08:04,280 - FORGE - INFO - ✅ Implementation complete: forge_b7380742_1772046484
2026-02-26 03:08:04,280 - FORGE - INFO - Implementing proposal 3868ef10: Implement 4-Pillar RSI System
2026-02-26 03:08:04,280 - FORGE - INFO - ✅ Implementation complete: forge_3868ef10_1772046484
2026-02-26 03:08:04,280 - FORGE - INFO - Implementing proposal dcf136e2: System Improvement
2026-02-26 03:08:04,280 - FORGE - INFO - Creating fix for process: concierge_bot
2026-02-26 03:08:04,281 - FORGE - INFO - ✅ Implementation complete: forge_dcf136e2_1772046484
2026-02-26 03:08:04,281 - FORGE - INFO - ============================================================
2026-02-26 03:08:04,281 - FORGE - INFO - FORGE CYCLE COMPLETE
2026-02-26 03:08:04,281 - FORGE - INFO - Implemented: 6
2026-02-26 03:08:04,281 - FORGE - INFO - Failed: 0
2026-02-26 03:08:04,281 - FORGE - INFO - Staging items: 18
2026-02-26 03:08:04,281 - FORGE - INFO - ============================================================
2026-02-26 03:12:14,414 - FORGE - INFO - Forge initialized [ID: 9432204b-ae35-4448-a5d4-654124c1cb51]
2026-02-26 03:12:14,436 - FORGE - INFO - ============================================================
2026-02-26 03:12:14,437 - FORGE - INFO - FORGE CYCLE STARTED
2026-02-26 03:12:14,437 - FORGE - INFO - ============================================================
2026-02-26 03:12:14,482 - FORGE - INFO - Found pending proposal: proposal_0296f899_revenue_optimization.json
2026-02-26 03:12:14,483 - FORGE - INFO - Found pending proposal: proposal_e69c40ce_automation.json
2026-02-26 03:12:14,525 - FORGE - INFO - Found pending proposal: proposal_a97c4e9c_process_failure.json
2026-02-26 03:12:14,627 - FORGE - INFO - Found pending proposal: proposal_d7c00a63_resource_constraint.json
2026-02-26 03:12:14,629 - FORGE - INFO - Found pending proposal: proposal_53387f2b_error_rate.json
2026-02-26 03:12:14,632 - FORGE - INFO - Found pending proposal: proposal_6f27fdda_architecture_improvement.json
2026-02-26 03:12:14,632 - FORGE - INFO - Processing 6 proposals...
2026-02-26 03:12:14,632 - FORGE - INFO - Implementing proposal 0296f899: Add Stripe Payment to Booking Bot
2026-02-26 03:12:14,635 - FORGE - INFO - ✅ Implementation complete: forge_0296f899_1772046734
2026-02-26 03:12:14,635 - FORGE - INFO - Implementing proposal e69c40ce: Deploy MarketingBot Content
2026-02-26 03:12:14,637 - FORGE - INFO - ✅ Implementation complete: forge_e69c40ce_1772046734
2026-02-26 03:12:14,637 - FORGE - INFO - Implementing proposal a97c4e9c: System Improvement
2026-02-26 03:12:14,638 - FORGE - INFO - Creating fix for process: concierge_bot
2026-02-26 03:12:14,639 - FORGE - INFO - ✅ Implementation complete: forge_a97c4e9c_1772046734
2026-02-26 03:12:14,640 - FORGE - INFO - Implementing proposal d7c00a63: System Improvement
2026-02-26 03:12:14,641 - FORGE - INFO - ✅ Implementation complete: forge_d7c00a63_1772046734
2026-02-26 03:12:14,641 - FORGE - INFO - Implementing proposal 53387f2b: System Improvement
2026-02-26 03:12:14,643 - FORGE - INFO - ✅ Implementation complete: forge_53387f2b_1772046734
2026-02-26 03:12:14,643 - FORGE - INFO - Implementing proposal 6f27fdda: Implement 4-Pillar RSI System
2026-02-26 03:12:14,644 - FORGE - INFO - ✅ Implementation complete: forge_6f27fdda_1772046734
2026-02-26 03:12:14,644 - FORGE - INFO - ============================================================
2026-02-26 03:12:14,644 - FORGE - INFO - FORGE CYCLE COMPLETE
2026-02-26 03:12:14,644 - FORGE - INFO - Implemented: 6
2026-02-26 03:12:14,645 - FORGE - INFO - Failed: 0
2026-02-26 03:12:14,645 - FORGE - INFO - Staging items: 24
2026-02-26 03:12:14,645 - FORGE - INFO - ============================================================
2026-02-26 03:15:17,691 - FORGE - INFO - Forge initialized [ID: 8093833a-8ee0-4ae5-a656-616bbf2efa92]
2026-02-26 03:15:17,692 - FORGE - INFO - ============================================================
2026-02-26 03:15:17,692 - FORGE - INFO - FORGE CYCLE STARTED
2026-02-26 03:15:17,692 - FORGE - INFO - ============================================================
2026-02-26 03:15:17,693 - FORGE - INFO - Found pending proposal: proposal_1860a670_error_rate.json
2026-02-26 03:15:17,693 - FORGE - INFO - Found pending proposal: proposal_564700a2_resource_constraint.json
2026-02-26 03:15:17,695 - FORGE - INFO - Found pending proposal: proposal_db1ea6b9_revenue_optimization.json
2026-02-26 03:15:17,695 - FORGE - INFO - Found pending proposal: proposal_95923fd5_automation.json
2026-02-26 03:15:17,695 - FORGE - INFO - Found pending proposal: proposal_59cbc829_process_failure.json
2026-02-26 03:15:17,695 - FORGE - INFO - Found pending proposal: proposal_609aaf6a_architecture_improvement.json
2026-02-26 03:15:17,698 - FORGE - INFO - Processing 6 proposals...
2026-02-26 03:15:17,698 - FORGE - INFO - Implementing proposal 1860a670: System Improvement
2026-02-26 03:15:17,699 - FORGE - INFO - ✅ Implementation complete: forge_1860a670_1772046917
2026-02-26 03:15:17,699 - FORGE - INFO - Implementing proposal 564700a2: System Improvement
2026-02-26 03:15:17,699 - FORGE - INFO - ✅ Implementation complete: forge_564700a2_1772046917
2026-02-26 03:15:17,699 - FORGE - INFO - Implementing proposal db1ea6b9: Add Stripe Payment to Booking Bot
2026-02-26 03:15:17,700 - FORGE - INFO - ✅ Implementation complete: forge_db1ea6b9_1772046917
2026-02-26 03:15:17,700 - FORGE - INFO - Implementing proposal 95923fd5: Deploy MarketingBot Content
2026-02-26 03:15:17,700 - FORGE - INFO - ✅ Implementation complete: forge_95923fd5_1772046917
2026-02-26 03:15:17,701 - FORGE - INFO - Implementing proposal 59cbc829: System Improvement
2026-02-26 03:15:17,701 - FORGE - INFO - Creating fix for process: concierge_bot
2026-02-26 03:15:17,701 - FORGE - INFO - ✅ Implementation complete: forge_59cbc829_1772046917
2026-02-26 03:15:17,701 - FORGE - INFO - Implementing proposal 609aaf6a: Implement 4-Pillar RSI System
2026-02-26 03:15:17,702 - FORGE - INFO - ✅ Implementation complete: forge_609aaf6a_1772046917
2026-02-26 03:15:17,702 - FORGE - INFO - ============================================================
2026-02-26 03:15:17,702 - FORGE - INFO - FORGE CYCLE COMPLETE
2026-02-26 03:15:17,702 - FORGE - INFO - Implemented: 6
2026-02-26 03:15:17,702 - FORGE - INFO - Failed: 0
2026-02-26 03:15:17,702 - FORGE - INFO - Staging items: 30
2026-02-26 03:15:17,702 - FORGE - INFO - ============================================================
2026-02-26 03:29:44,678 - FORGE - INFO - Forge initialized [ID: 25fb775a-667c-449a-9875-6cfe8591d0c6]
2026-02-26 03:29:44,679 - FORGE - INFO - ============================================================
2026-02-26 03:29:44,679 - FORGE - INFO - FORGE CYCLE STARTED
2026-02-26 03:29:44,679 - FORGE - INFO - ============================================================
2026-02-26 03:29:44,679 - FORGE - INFO - Found pending proposal: proposal_d1124353_automation.json
2026-02-26 03:29:44,680 - FORGE - INFO - Found pending proposal: proposal_952de058_process_failure.json
2026-02-26 03:29:44,682 - FORGE - INFO - Found pending proposal: proposal_b4d86c84_resource_constraint.json
2026-02-26 03:29:44,682 - FORGE - INFO - Found pending proposal: proposal_6d65d714_revenue_optimization.json
2026-02-26 03:29:44,694 - FORGE - INFO - Found pending proposal: proposal_ae8574f0_architecture_improvement.json
2026-02-26 03:29:44,694 - FORGE - INFO - Found pending proposal: proposal_45451985_error_rate.json
2026-02-26 03:29:44,695 - FORGE - INFO - Processing 6 proposals...
2026-02-26 03:29:44,695 - FORGE - INFO - Implementing proposal d1124353: Deploy MarketingBot Content
2026-02-26 03:29:44,696 - FORGE - INFO - ✅ Implementation complete: forge_d1124353_1772047784
2026-02-26 03:29:44,696 - FORGE - INFO - Implementing proposal 952de058: System Improvement
2026-02-26 03:29:44,696 - FORGE - INFO - Creating fix for process: concierge_bot
2026-02-26 03:29:44,697 - FORGE - INFO - ✅ Implementation complete: forge_952de058_1772047784
2026-02-26 03:29:44,697 - FORGE - INFO - Implementing proposal b4d86c84: System Improvement
2026-02-26 03:29:44,697 - FORGE - INFO - ✅ Implementation complete: forge_b4d86c84_1772047784
2026-02-26 03:29:44,697 - FORGE - INFO - Implementing proposal 6d65d714: Add Stripe Payment to Booking Bot
2026-02-26 03:29:44,698 - FORGE - INFO - ✅ Implementation complete: forge_6d65d714_1772047784
2026-02-26 03:29:44,698 - FORGE - INFO - Implementing proposal ae8574f0: Implement 4-Pillar RSI System
2026-02-26 03:29:44,699 - FORGE - INFO - ✅ Implementation complete: forge_ae8574f0_1772047784
2026-02-26 03:29:44,699 - FORGE - INFO - Implementing proposal 45451985: System Improvement
2026-02-26 03:29:44,699 - FORGE - INFO - ✅ Implementation complete: forge_45451985_1772047784
2026-02-26 03:29:44,699 - FORGE - INFO - ============================================================
2026-02-26 03:29:44,699 - FORGE - INFO - FORGE CYCLE COMPLETE
2026-02-26 03:29:44,699 - FORGE - INFO - Implemented: 6
2026-02-26 03:29:44,699 - FORGE - INFO - Failed: 0
2026-02-26 03:29:44,699 - FORGE - INFO - Staging items: 36
2026-02-26 03:29:44,699 - FORGE - INFO - ============================================================
2026-02-26 04:20:10,748 - FORGE - INFO - Forge initialized [ID: 85bdac0b-6e15-4b3d-bc11-3bebfa1f2796]
2026-02-26 04:20:10,749 - FORGE - INFO - ============================================================
2026-02-26 04:20:10,749 - FORGE - INFO - FORGE CYCLE STARTED
2026-02-26 04:20:10,749 - FORGE - INFO - ============================================================
2026-02-26 04:20:10,749 - FORGE - INFO - Found pending proposal: proposal_81e8006c_architecture_improvement.json
2026-02-26 04:20:10,751 - FORGE - INFO - Found pending proposal: proposal_7a6c2678_revenue_optimization.json
2026-02-26 04:20:10,752 - FORGE - INFO - Found pending proposal: proposal_7a93b8cb_resource_constraint.json
2026-02-26 04:20:10,752 - FORGE - INFO - Found pending proposal: proposal_0ddb7da5_process_failure.json
2026-02-26 04:20:10,752 - FORGE - INFO - Found pending proposal: proposal_69ce5124_automation.json
2026-02-26 04:20:10,752 - FORGE - INFO - Found pending proposal: proposal_c479ca12_error_rate.json
2026-02-26 04:20:10,756 - FORGE - INFO - Processing 6 proposals...
2026-02-26 04:20:10,756 - FORGE - INFO - Implementing proposal 81e8006c: Implement 4-Pillar RSI System
2026-02-26 04:20:10,757 - FORGE - INFO - ✅ Implementation complete: forge_81e8006c_1772050810
2026-02-26 04:20:10,757 - FORGE - INFO - Implementing proposal 7a6c2678: Add Stripe Payment to Booking Bot
2026-02-26 04:20:10,757 - FORGE - INFO - ✅ Implementation complete: forge_7a6c2678_1772050810
2026-02-26 04:20:10,757 - FORGE - INFO - Implementing proposal 7a93b8cb: System Improvement
2026-02-26 04:20:10,758 - FORGE - INFO - ✅ Implementation complete: forge_7a93b8cb_1772050810
2026-02-26 04:20:10,758 - FORGE - INFO - Implementing proposal 0ddb7da5: System Improvement
2026-02-26 04:20:10,758 - FORGE - INFO - Creating fix for process: concierge_bot
2026-02-26 04:20:10,758 - FORGE - INFO - ✅ Implementation complete: forge_0ddb7da5_1772050810
2026-02-26 04:20:10,758 - FORGE - INFO - Implementing proposal 69ce5124: Deploy MarketingBot Content
2026-02-26 04:20:10,759 - FORGE - INFO - ✅ Implementation complete: forge_69ce5124_1772050810
2026-02-26 04:20:10,759 - FORGE - INFO - Implementing proposal c479ca12: System Improvement
2026-02-26 04:20:10,760 - FORGE - INFO - ✅ Implementation complete: forge_c479ca12_1772050810
2026-02-26 04:20:10,760 - FORGE - INFO - ============================================================
2026-02-26 04:20:10,760 - FORGE - INFO - FORGE CYCLE COMPLETE
2026-02-26 04:20:10,760 - FORGE - INFO - Implemented: 6
2026-02-26 04:20:10,760 - FORGE - INFO - Failed: 0
2026-02-26 04:20:10,760 - FORGE - INFO - Staging items: 42
2026-02-26 04:20:10,760 - FORGE - INFO - ============================================================
2026-02-26 04:36:39,081 - FORGE - INFO - Forge initialized [ID: b37939b5-9c59-4af7-80ea-43a3906624cd]
2026-02-26 04:36:39,081 - FORGE - INFO - ============================================================
2026-02-26 04:36:39,081 - FORGE - INFO - FORGE CYCLE STARTED
2026-02-26 04:36:39,081 - FORGE - INFO - ============================================================
2026-02-26 04:36:39,084 - FORGE - INFO - Found pending proposal: proposal_89e842e4_revenue_optimization.json
2026-02-26 04:36:39,085 - FORGE - INFO - Found pending proposal: proposal_daa7428a_automation.json
2026-02-26 04:36:39,086 - FORGE - INFO - Found pending proposal: proposal_d7e7f255_process_failure.json
2026-02-26 04:36:39,087 - FORGE - INFO - Found pending proposal: proposal_9a56f631_resource_constraint.json
2026-02-26 04:36:39,087 - FORGE - INFO - Found pending proposal: proposal_2bb2b022_architecture_improvement.json
2026-02-26 04:36:39,089 - FORGE - INFO - Found pending proposal: proposal_e0b413ad_error_rate.json
2026-02-26 04:36:39,090 - FORGE - INFO - Processing 6 proposals...
2026-02-26 04:36:39,090 - FORGE - INFO - Implementing proposal 89e842e4: Add Stripe Payment to Booking Bot
2026-02-26 04:36:39,090 - FORGE - INFO - ✅ Implementation complete: forge_89e842e4_1772051799
2026-02-26 04:36:39,090 - FORGE - INFO - Implementing proposal daa7428a: Deploy MarketingBot Content
2026-02-26 04:36:39,091 - FORGE - INFO - ✅ Implementation complete: forge_daa7428a_1772051799
2026-02-26 04:36:39,091 - FORGE - INFO - Implementing proposal d7e7f255: System Improvement
2026-02-26 04:36:39,091 - FORGE - INFO - Creating fix for process: concierge_bot
2026-02-26 04:36:39,091 - FORGE - INFO - ✅ Implementation complete: forge_d7e7f255_1772051799
2026-02-26 04:36:39,091 - FORGE - INFO - Implementing proposal 9a56f631: System Improvement
2026-02-26 04:36:39,092 - FORGE - INFO - ✅ Implementation complete: forge_9a56f631_1772051799
2026-02-26 04:36:39,092 - FORGE - INFO - Implementing proposal 2bb2b022: Implement 4-Pillar RSI System
2026-02-26 04:36:39,092 - FORGE - INFO - ✅ Implementation complete: forge_2bb2b022_1772051799
2026-02-26 04:36:39,092 - FORGE - INFO - Implementing proposal e0b413ad: System Improvement
2026-02-26 04:36:39,092 - FORGE - INFO - ✅ Implementation complete: forge_e0b413ad_1772051799
2026-02-26 04:36:39,092 - FORGE - INFO - ============================================================
2026-02-26 04:36:39,092 - FORGE - INFO - FORGE CYCLE COMPLETE
2026-02-26 04:36:39,092 - FORGE - INFO - Implemented: 6
2026-02-26 04:36:39,092 - FORGE - INFO - Failed: 0
2026-02-26 04:36:39,093 - FORGE - INFO - Staging items: 48
2026-02-26 04:36:39,093 - FORGE - INFO - ============================================================
2026-02-26 05:06:45,325 - FORGE - INFO - Forge initialized [ID: 33b1d012-1f00-4490-9e01-837c9a6ecc1c]
2026-02-26 05:06:45,326 - FORGE - INFO - ============================================================
2026-02-26 05:06:45,326 - FORGE - INFO - FORGE CYCLE STARTED
2026-02-26 05:06:45,326 - FORGE - INFO - ============================================================
2026-02-26 05:06:45,330 - FORGE - INFO - Found pending proposal: proposal_11b11a75_revenue_optimization.json
2026-02-26 05:06:45,330 - FORGE - INFO - Found pending proposal: proposal_32b35b13_architecture_improvement.json
2026-02-26 05:06:45,332 - FORGE - INFO - Found pending proposal: proposal_e0e9ca4b_resource_constraint.json
2026-02-26 05:06:45,333 - FORGE - INFO - Found pending proposal: proposal_57e650bf_automation.json
2026-02-26 05:06:45,333 - FORGE - INFO - Found pending proposal: proposal_da25abd0_process_failure.json
2026-02-26 05:06:45,334 - FORGE - INFO - Found pending proposal: proposal_e0de3887_error_rate.json
2026-02-26 05:06:45,334 - FORGE - INFO - Processing 6 proposals...
2026-02-26 05:06:45,334 - FORGE - INFO - Implementing proposal 11b11a75: Add Stripe Payment to Booking Bot
2026-02-26 05:06:45,335 - FORGE - INFO - ✅ Implementation complete: forge_11b11a75_1772053605
2026-02-26 05:06:45,335 - FORGE - INFO - Implementing proposal 32b35b13: Implement 4-Pillar RSI System
2026-02-26 05:06:45,335 - FORGE - INFO - ✅ Implementation complete: forge_32b35b13_1772053605
2026-02-26 05:06:45,335 - FORGE - INFO - Implementing proposal e0e9ca4b: System Improvement
2026-02-26 05:06:45,335 - FORGE - INFO - ✅ Implementation complete: forge_e0e9ca4b_1772053605
2026-02-26 05:06:45,335 - FORGE - INFO - Implementing proposal 57e650bf: Deploy MarketingBot Content
2026-02-26 05:06:45,336 - FORGE - INFO - ✅ Implementation complete: forge_57e650bf_1772053605
2026-02-26 05:06:45,336 - FORGE - INFO - Implementing proposal da25abd0: System Improvement
2026-02-26 05:06:45,336 - FORGE - INFO - Creating fix for process: concierge_bot
2026-02-26 05:06:45,336 - FORGE - INFO - ✅ Implementation complete: forge_da25abd0_1772053605
2026-02-26 05:06:45,336 - FORGE - INFO - Implementing proposal e0de3887: System Improvement
2026-02-26 05:06:45,336 - FORGE - INFO - ✅ Implementation complete: forge_e0de3887_1772053605
2026-02-26 05:06:45,336 - FORGE - INFO - ============================================================
2026-02-26 05:06:45,336 - FORGE - INFO - FORGE CYCLE COMPLETE
2026-02-26 05:06:45,336 - FORGE - INFO - Implemented: 6
2026-02-26 05:06:45,336 - FORGE - INFO - Failed: 0
2026-02-26 05:06:45,336 - FORGE - INFO - Staging items: 54
2026-02-26 05:06:45,336 - FORGE - INFO - ============================================================
