[2026-02-26 03:02:34] INFO: 🚀 Running The Forager (Researcher & Innovator)...
[2026-02-26 03:02:34] SUCCESS: ✅ The Forager completed successfully
[2026-02-26 03:02:58] INFO: 🚀 Running The Forager (Researcher & Innovator)...
[2026-02-26 03:02:58] SUCCESS: ✅ The Forager completed successfully
[2026-02-26 03:03:10] INFO: ======================================================================
[2026-02-26 03:03:10] INFO: 🦞 RSI FULL CYCLE STARTED
[2026-02-26 03:03:10] INFO: ======================================================================
[2026-02-26 03:03:10] INFO: Timestamp: 2026-02-26T03:03:10.651868
[2026-02-26 03:03:10] INFO: 
[2026-02-26 03:03:10] INFO: ----------------------------------------------------------------------
[2026-02-26 03:03:10] INFO: PHASE 1/4: FORAGER
[2026-02-26 03:03:10] INFO: ----------------------------------------------------------------------
[2026-02-26 03:03:10] INFO: 🚀 Running The Forager (Researcher & Innovator)...
[2026-02-26 03:03:10] SUCCESS: ✅ The Forager completed successfully
[2026-02-26 03:03:12] INFO: 
[2026-02-26 03:03:12] INFO: ----------------------------------------------------------------------
[2026-02-26 03:03:12] INFO: PHASE 2/4: FORGE
[2026-02-26 03:03:12] INFO: ----------------------------------------------------------------------
[2026-02-26 03:03:12] INFO: 🚀 Running The Forge (Developer & Self-Healer)...
[2026-02-26 03:03:13] SUCCESS: ✅ The Forge completed successfully
[2026-02-26 03:03:15] INFO: 
[2026-02-26 03:03:15] INFO: ----------------------------------------------------------------------
[2026-02-26 03:03:15] INFO: PHASE 3/4: CRUCIBLE
[2026-02-26 03:03:15] INFO: ----------------------------------------------------------------------
[2026-02-26 03:03:15] INFO: 🚀 Running The Crucible (Sandbox & Verifier)...
[2026-02-26 03:03:15] SUCCESS: ✅ The Crucible completed successfully
[2026-02-26 03:03:17] INFO: 
[2026-02-26 03:03:17] INFO: ----------------------------------------------------------------------
[2026-02-26 03:03:17] INFO: PHASE 4/4: WARDEN
[2026-02-26 03:03:17] INFO: ----------------------------------------------------------------------
[2026-02-26 03:03:17] INFO: 🚀 Running The Warden (Governor & Safety)...
[2026-02-26 03:03:17] SUCCESS: ✅ The Warden completed successfully
[2026-02-26 03:03:17] INFO: 
[2026-02-26 03:03:17] INFO: ======================================================================
[2026-02-26 03:03:17] INFO: RSI CYCLE SUMMARY
[2026-02-26 03:03:17] INFO: ======================================================================
[2026-02-26 03:03:17] INFO:   ✅ PASS: The Forager
[2026-02-26 03:03:17] INFO:   ✅ PASS: The Forge
[2026-02-26 03:03:17] INFO:   ✅ PASS: The Crucible
[2026-02-26 03:03:17] INFO:   ✅ PASS: The Warden
[2026-02-26 03:03:17] INFO: 
[2026-02-26 03:03:17] INFO: Total: 4/4 pillars successful
[2026-02-26 03:03:17] SUCCESS: 🎉 FULL CYCLE COMPLETE - All pillars operational!
[2026-02-26 03:03:17] INFO: ======================================================================
[2026-02-26 03:08:02] INFO: ======================================================================
[2026-02-26 03:08:02] INFO: 🦞 RSI FULL CYCLE STARTED
[2026-02-26 03:08:02] INFO: ======================================================================
[2026-02-26 03:08:02] INFO: Timestamp: 2026-02-26T03:08:02.064741
[2026-02-26 03:08:02] INFO: 
[2026-02-26 03:08:02] INFO: ----------------------------------------------------------------------
[2026-02-26 03:08:02] INFO: PHASE 1/4: FORAGER
[2026-02-26 03:08:02] INFO: ----------------------------------------------------------------------
[2026-02-26 03:08:02] INFO: 🚀 Running The Forager (Researcher & Innovator)...
[2026-02-26 03:08:02] SUCCESS: ✅ The Forager completed successfully
[2026-02-26 03:08:04] INFO: 
[2026-02-26 03:08:04] INFO: ----------------------------------------------------------------------
[2026-02-26 03:08:04] INFO: PHASE 2/4: FORGE
[2026-02-26 03:08:04] INFO: ----------------------------------------------------------------------
[2026-02-26 03:08:04] INFO: 🚀 Running The Forge (Developer & Self-Healer)...
[2026-02-26 03:08:04] SUCCESS: ✅ The Forge completed successfully
[2026-02-26 03:08:06] INFO: 
[2026-02-26 03:08:06] INFO: ----------------------------------------------------------------------
[2026-02-26 03:08:06] INFO: PHASE 3/4: CRUCIBLE
[2026-02-26 03:08:06] INFO: ----------------------------------------------------------------------
[2026-02-26 03:08:06] INFO: 🚀 Running The Crucible (Sandbox & Verifier)...
[2026-02-26 03:08:06] SUCCESS: ✅ The Crucible completed successfully
[2026-02-26 03:08:08] INFO: 
[2026-02-26 03:08:08] INFO: ----------------------------------------------------------------------
[2026-02-26 03:08:08] INFO: PHASE 4/4: WARDEN
[2026-02-26 03:08:08] INFO: ----------------------------------------------------------------------
[2026-02-26 03:08:08] INFO: 🚀 Running The Warden (Governor & Safety)...
[2026-02-26 03:08:08] SUCCESS: ✅ The Warden completed successfully
[2026-02-26 03:08:08] INFO: 
[2026-02-26 03:08:08] INFO: ======================================================================
[2026-02-26 03:08:08] INFO: RSI CYCLE SUMMARY
[2026-02-26 03:08:08] INFO: ======================================================================
[2026-02-26 03:08:08] INFO:   ✅ PASS: The Forager
[2026-02-26 03:08:08] INFO:   ✅ PASS: The Forge
[2026-02-26 03:08:08] INFO:   ✅ PASS: The Crucible
[2026-02-26 03:08:08] INFO:   ✅ PASS: The Warden
[2026-02-26 03:08:08] INFO: 
[2026-02-26 03:08:08] INFO: Total: 4/4 pillars successful
[2026-02-26 03:08:08] SUCCESS: 🎉 FULL CYCLE COMPLETE - All pillars operational!
[2026-02-26 03:08:08] INFO: ======================================================================
[2026-02-26 03:12:12] INFO: ======================================================================
[2026-02-26 03:12:12] INFO: 🦞 RSI FULL CYCLE STARTED
[2026-02-26 03:12:12] INFO: ======================================================================
[2026-02-26 03:12:12] INFO: Timestamp: 2026-02-26T03:12:12.079273
[2026-02-26 03:12:12] INFO: 
[2026-02-26 03:12:12] INFO: ----------------------------------------------------------------------
[2026-02-26 03:12:12] INFO: PHASE 1/4: FORAGER
[2026-02-26 03:12:12] INFO: ----------------------------------------------------------------------
[2026-02-26 03:12:12] INFO: 🚀 Running The Forager (Researcher & Innovator)...
[2026-02-26 03:12:12] SUCCESS: ✅ The Forager completed successfully
[2026-02-26 03:12:14] INFO: 
[2026-02-26 03:12:14] INFO: ----------------------------------------------------------------------
[2026-02-26 03:12:14] INFO: PHASE 2/4: FORGE
[2026-02-26 03:12:14] INFO: ----------------------------------------------------------------------
[2026-02-26 03:12:14] INFO: 🚀 Running The Forge (Developer & Self-Healer)...
[2026-02-26 03:12:14] SUCCESS: ✅ The Forge completed successfully
[2026-02-26 03:12:16] INFO: 
[2026-02-26 03:12:16] INFO: ----------------------------------------------------------------------
[2026-02-26 03:12:16] INFO: PHASE 3/4: CRUCIBLE
[2026-02-26 03:12:16] INFO: ----------------------------------------------------------------------
[2026-02-26 03:12:16] INFO: 🚀 Running The Crucible (Sandbox & Verifier)...
[2026-02-26 03:12:16] SUCCESS: ✅ The Crucible completed successfully
[2026-02-26 03:12:18] INFO: 
[2026-02-26 03:12:18] INFO: ----------------------------------------------------------------------
[2026-02-26 03:12:18] INFO: PHASE 4/4: WARDEN
[2026-02-26 03:12:18] INFO: ----------------------------------------------------------------------
[2026-02-26 03:12:18] INFO: 🚀 Running The Warden (Governor & Safety)...
[2026-02-26 03:12:19] SUCCESS: ✅ The Warden completed successfully
[2026-02-26 03:12:19] INFO: 
[2026-02-26 03:12:19] INFO: ======================================================================
[2026-02-26 03:12:19] INFO: RSI CYCLE SUMMARY
[2026-02-26 03:12:19] INFO: ======================================================================
[2026-02-26 03:12:19] INFO:   ✅ PASS: The Forager
[2026-02-26 03:12:19] INFO:   ✅ PASS: The Forge
[2026-02-26 03:12:19] INFO:   ✅ PASS: The Crucible
[2026-02-26 03:12:19] INFO:   ✅ PASS: The Warden
[2026-02-26 03:12:19] INFO: 
[2026-02-26 03:12:19] INFO: Total: 4/4 pillars successful
[2026-02-26 03:12:19] SUCCESS: 🎉 FULL CYCLE COMPLETE - All pillars operational!
[2026-02-26 03:12:19] INFO: ======================================================================
[2026-02-26 03:15:15] INFO: ======================================================================
[2026-02-26 03:15:15] INFO: 🦞 RSI FULL CYCLE STARTED
[2026-02-26 03:15:15] INFO: ======================================================================
[2026-02-26 03:15:15] INFO: Timestamp: 2026-02-26T03:15:15.470553
[2026-02-26 03:15:15] INFO: 
[2026-02-26 03:15:15] INFO: ----------------------------------------------------------------------
[2026-02-26 03:15:15] INFO: PHASE 1/4: FORAGER
[2026-02-26 03:15:15] INFO: ----------------------------------------------------------------------
[2026-02-26 03:15:15] INFO: 🚀 Running The Forager (Researcher & Innovator)...
[2026-02-26 03:15:15] SUCCESS: ✅ The Forager completed successfully
[2026-02-26 03:15:17] INFO: 
[2026-02-26 03:15:17] INFO: ----------------------------------------------------------------------
[2026-02-26 03:15:17] INFO: PHASE 2/4: FORGE
[2026-02-26 03:15:17] INFO: ----------------------------------------------------------------------
[2026-02-26 03:15:17] INFO: 🚀 Running The Forge (Developer & Self-Healer)...
[2026-02-26 03:15:17] SUCCESS: ✅ The Forge completed successfully
[2026-02-26 03:15:19] INFO: 
[2026-02-26 03:15:19] INFO: ----------------------------------------------------------------------
[2026-02-26 03:15:19] INFO: PHASE 3/4: CRUCIBLE
[2026-02-26 03:15:19] INFO: ----------------------------------------------------------------------
[2026-02-26 03:15:19] INFO: 🚀 Running The Crucible (Sandbox & Verifier)...
[2026-02-26 03:15:19] SUCCESS: ✅ The Crucible completed successfully
[2026-02-26 03:15:21] INFO: 
[2026-02-26 03:15:21] INFO: ----------------------------------------------------------------------
[2026-02-26 03:15:21] INFO: PHASE 4/4: WARDEN
[2026-02-26 03:15:21] INFO: ----------------------------------------------------------------------
[2026-02-26 03:15:21] INFO: 🚀 Running The Warden (Governor & Safety)...
[2026-02-26 03:15:22] SUCCESS: ✅ The Warden completed successfully
[2026-02-26 03:15:22] INFO: 
[2026-02-26 03:15:22] INFO: ======================================================================
[2026-02-26 03:15:22] INFO: RSI CYCLE SUMMARY
[2026-02-26 03:15:22] INFO: ======================================================================
[2026-02-26 03:15:22] INFO:   ✅ PASS: The Forager
[2026-02-26 03:15:22] INFO:   ✅ PASS: The Forge
[2026-02-26 03:15:22] INFO:   ✅ PASS: The Crucible
[2026-02-26 03:15:22] INFO:   ✅ PASS: The Warden
[2026-02-26 03:15:22] INFO: 
[2026-02-26 03:15:22] INFO: Total: 4/4 pillars successful
[2026-02-26 03:15:22] SUCCESS: 🎉 FULL CYCLE COMPLETE - All pillars operational!
[2026-02-26 03:15:22] INFO: ======================================================================
[2026-02-26 03:29:42] INFO: ======================================================================
[2026-02-26 03:29:42] INFO: 🦞 RSI FULL CYCLE STARTED
[2026-02-26 03:29:42] INFO: ======================================================================
[2026-02-26 03:29:42] INFO: Timestamp: 2026-02-26T03:29:42.452561
[2026-02-26 03:29:42] INFO: 
[2026-02-26 03:29:42] INFO: ----------------------------------------------------------------------
[2026-02-26 03:29:42] INFO: PHASE 1/4: FORAGER
[2026-02-26 03:29:42] INFO: ----------------------------------------------------------------------
[2026-02-26 03:29:42] INFO: 🚀 Running The Forager (Researcher & Innovator)...
[2026-02-26 03:29:42] SUCCESS: ✅ The Forager completed successfully
[2026-02-26 03:29:44] INFO: 
[2026-02-26 03:29:44] INFO: ----------------------------------------------------------------------
[2026-02-26 03:29:44] INFO: PHASE 2/4: FORGE
[2026-02-26 03:29:44] INFO: ----------------------------------------------------------------------
[2026-02-26 03:29:44] INFO: 🚀 Running The Forge (Developer & Self-Healer)...
[2026-02-26 03:29:44] SUCCESS: ✅ The Forge completed successfully
[2026-02-26 03:29:46] INFO: 
[2026-02-26 03:29:46] INFO: ----------------------------------------------------------------------
[2026-02-26 03:29:46] INFO: PHASE 3/4: CRUCIBLE
[2026-02-26 03:29:46] INFO: ----------------------------------------------------------------------
[2026-02-26 03:29:46] INFO: 🚀 Running The Crucible (Sandbox & Verifier)...
[2026-02-26 03:29:46] SUCCESS: ✅ The Crucible completed successfully
[2026-02-26 03:29:48] INFO: 
[2026-02-26 03:29:48] INFO: ----------------------------------------------------------------------
[2026-02-26 03:29:48] INFO: PHASE 4/4: WARDEN
[2026-02-26 03:29:48] INFO: ----------------------------------------------------------------------
[2026-02-26 03:29:48] INFO: 🚀 Running The Warden (Governor & Safety)...
[2026-02-26 03:29:48] SUCCESS: ✅ The Warden completed successfully
[2026-02-26 03:29:48] INFO: 
[2026-02-26 03:29:48] INFO: ======================================================================
[2026-02-26 03:29:48] INFO: RSI CYCLE SUMMARY
[2026-02-26 03:29:48] INFO: ======================================================================
[2026-02-26 03:29:48] INFO:   ✅ PASS: The Forager
[2026-02-26 03:29:49] INFO:   ✅ PASS: The Forge
[2026-02-26 03:29:49] INFO:   ✅ PASS: The Crucible
[2026-02-26 03:29:49] INFO:   ✅ PASS: The Warden
[2026-02-26 03:29:49] INFO: 
[2026-02-26 03:29:49] INFO: Total: 4/4 pillars successful
[2026-02-26 03:29:49] SUCCESS: 🎉 FULL CYCLE COMPLETE - All pillars operational!
[2026-02-26 03:29:49] INFO: ======================================================================
[2026-02-26 04:20:08] INFO: ======================================================================
[2026-02-26 04:20:08] INFO: 🦞 RSI FULL CYCLE STARTED
[2026-02-26 04:20:08] INFO: ======================================================================
[2026-02-26 04:20:08] INFO: Timestamp: 2026-02-26T04:20:08.616886
[2026-02-26 04:20:08] INFO: 
[2026-02-26 04:20:08] INFO: ----------------------------------------------------------------------
[2026-02-26 04:20:08] INFO: PHASE 1/4: FORAGER
[2026-02-26 04:20:08] INFO: ----------------------------------------------------------------------
[2026-02-26 04:20:08] INFO: 🚀 Running The Forager (Researcher & Innovator)...
[2026-02-26 04:20:08] SUCCESS: ✅ The Forager completed successfully
[2026-02-26 04:20:10] INFO: 
[2026-02-26 04:20:10] INFO: ----------------------------------------------------------------------
[2026-02-26 04:20:10] INFO: PHASE 2/4: FORGE
[2026-02-26 04:20:10] INFO: ----------------------------------------------------------------------
[2026-02-26 04:20:10] INFO: 🚀 Running The Forge (Developer & Self-Healer)...
[2026-02-26 04:20:10] SUCCESS: ✅ The Forge completed successfully
[2026-02-26 04:20:12] INFO: 
[2026-02-26 04:20:12] INFO: ----------------------------------------------------------------------
[2026-02-26 04:20:12] INFO: PHASE 3/4: CRUCIBLE
[2026-02-26 04:20:12] INFO: ----------------------------------------------------------------------
[2026-02-26 04:20:12] INFO: 🚀 Running The Crucible (Sandbox & Verifier)...
[2026-02-26 04:20:12] SUCCESS: ✅ The Crucible completed successfully
[2026-02-26 04:20:14] INFO: 
[2026-02-26 04:20:14] INFO: ----------------------------------------------------------------------
[2026-02-26 04:20:14] INFO: PHASE 4/4: WARDEN
[2026-02-26 04:20:14] INFO: ----------------------------------------------------------------------
[2026-02-26 04:20:14] INFO: 🚀 Running The Warden (Governor & Safety)...
[2026-02-26 04:20:14] SUCCESS: ✅ The Warden completed successfully
[2026-02-26 04:20:14] INFO: 
[2026-02-26 04:20:14] INFO: ======================================================================
[2026-02-26 04:20:14] INFO: RSI CYCLE SUMMARY
[2026-02-26 04:20:14] INFO: ======================================================================
[2026-02-26 04:20:14] INFO:   ✅ PASS: The Forager
[2026-02-26 04:20:14] INFO:   ✅ PASS: The Forge
[2026-02-26 04:20:14] INFO:   ✅ PASS: The Crucible
[2026-02-26 04:20:14] INFO:   ✅ PASS: The Warden
[2026-02-26 04:20:14] INFO: 
[2026-02-26 04:20:14] INFO: Total: 4/4 pillars successful
[2026-02-26 04:20:14] SUCCESS: 🎉 FULL CYCLE COMPLETE - All pillars operational!
[2026-02-26 04:20:14] INFO: ======================================================================
[2026-02-26 04:36:36] INFO: ======================================================================
[2026-02-26 04:36:36] INFO: 🦞 RSI FULL CYCLE STARTED
[2026-02-26 04:36:36] INFO: ======================================================================
[2026-02-26 04:36:36] INFO: Timestamp: 2026-02-26T04:36:36.945138
[2026-02-26 04:36:36] INFO: 
[2026-02-26 04:36:36] INFO: ----------------------------------------------------------------------
[2026-02-26 04:36:36] INFO: PHASE 1/4: FORAGER
[2026-02-26 04:36:36] INFO: ----------------------------------------------------------------------
[2026-02-26 04:36:36] INFO: 🚀 Running The Forager (Researcher & Innovator)...
[2026-02-26 04:36:37] SUCCESS: ✅ The Forager completed successfully
[2026-02-26 04:36:39] INFO: 
[2026-02-26 04:36:39] INFO: ----------------------------------------------------------------------
[2026-02-26 04:36:39] INFO: PHASE 2/4: FORGE
[2026-02-26 04:36:39] INFO: ----------------------------------------------------------------------
[2026-02-26 04:36:39] INFO: 🚀 Running The Forge (Developer & Self-Healer)...
[2026-02-26 04:36:39] SUCCESS: ✅ The Forge completed successfully
[2026-02-26 04:36:41] INFO: 
[2026-02-26 04:36:41] INFO: ----------------------------------------------------------------------
[2026-02-26 04:36:41] INFO: PHASE 3/4: CRUCIBLE
[2026-02-26 04:36:41] INFO: ----------------------------------------------------------------------
[2026-02-26 04:36:41] INFO: 🚀 Running The Crucible (Sandbox & Verifier)...
[2026-02-26 04:36:41] SUCCESS: ✅ The Crucible completed successfully
[2026-02-26 04:36:43] INFO: 
[2026-02-26 04:36:43] INFO: ----------------------------------------------------------------------
[2026-02-26 04:36:43] INFO: PHASE 4/4: WARDEN
[2026-02-26 04:36:43] INFO: ----------------------------------------------------------------------
[2026-02-26 04:36:43] INFO: 🚀 Running The Warden (Governor & Safety)...
[2026-02-26 04:36:43] SUCCESS: ✅ The Warden completed successfully
[2026-02-26 04:36:43] INFO: 
[2026-02-26 04:36:43] INFO: ======================================================================
[2026-02-26 04:36:43] INFO: RSI CYCLE SUMMARY
[2026-02-26 04:36:43] INFO: ======================================================================
[2026-02-26 04:36:43] INFO:   ✅ PASS: The Forager
[2026-02-26 04:36:43] INFO:   ✅ PASS: The Forge
[2026-02-26 04:36:43] INFO:   ✅ PASS: The Crucible
[2026-02-26 04:36:43] INFO:   ✅ PASS: The Warden
[2026-02-26 04:36:43] INFO: 
[2026-02-26 04:36:43] INFO: Total: 4/4 pillars successful
[2026-02-26 04:36:43] SUCCESS: 🎉 FULL CYCLE COMPLETE - All pillars operational!
[2026-02-26 04:36:43] INFO: ======================================================================
[2026-02-26 05:06:43] INFO: ======================================================================
[2026-02-26 05:06:43] INFO: 🦞 RSI FULL CYCLE STARTED
[2026-02-26 05:06:43] INFO: ======================================================================
[2026-02-26 05:06:43] INFO: Timestamp: 2026-02-26T05:06:43.209923
[2026-02-26 05:06:43] INFO: 
[2026-02-26 05:06:43] INFO: ----------------------------------------------------------------------
[2026-02-26 05:06:43] INFO: PHASE 1/4: FORAGER
[2026-02-26 05:06:43] INFO: ----------------------------------------------------------------------
[2026-02-26 05:06:43] INFO: 🚀 Running The Forager (Researcher & Innovator)...
[2026-02-26 05:06:43] SUCCESS: ✅ The Forager completed successfully
[2026-02-26 05:06:45] INFO: 
[2026-02-26 05:06:45] INFO: ----------------------------------------------------------------------
[2026-02-26 05:06:45] INFO: PHASE 2/4: FORGE
[2026-02-26 05:06:45] INFO: ----------------------------------------------------------------------
[2026-02-26 05:06:45] INFO: 🚀 Running The Forge (Developer & Self-Healer)...
[2026-02-26 05:06:45] SUCCESS: ✅ The Forge completed successfully
[2026-02-26 05:06:47] INFO: 
[2026-02-26 05:06:47] INFO: ----------------------------------------------------------------------
[2026-02-26 05:06:47] INFO: PHASE 3/4: CRUCIBLE
[2026-02-26 05:06:47] INFO: ----------------------------------------------------------------------
[2026-02-26 05:06:47] INFO: 🚀 Running The Crucible (Sandbox & Verifier)...
[2026-02-26 05:06:47] SUCCESS: ✅ The Crucible completed successfully
[2026-02-26 05:06:49] INFO: 
[2026-02-26 05:06:49] INFO: ----------------------------------------------------------------------
[2026-02-26 05:06:49] INFO: PHASE 4/4: WARDEN
[2026-02-26 05:06:49] INFO: ----------------------------------------------------------------------
[2026-02-26 05:06:49] INFO: 🚀 Running The Warden (Governor & Safety)...
[2026-02-26 05:06:49] SUCCESS: ✅ The Warden completed successfully
[2026-02-26 05:06:49] INFO: 
[2026-02-26 05:06:49] INFO: ======================================================================
[2026-02-26 05:06:49] INFO: RSI CYCLE SUMMARY
[2026-02-26 05:06:49] INFO: ======================================================================
[2026-02-26 05:06:49] INFO:   ✅ PASS: The Forager
[2026-02-26 05:06:49] INFO:   ✅ PASS: The Forge
[2026-02-26 05:06:49] INFO:   ✅ PASS: The Crucible
[2026-02-26 05:06:49] INFO:   ✅ PASS: The Warden
[2026-02-26 05:06:49] INFO: 
[2026-02-26 05:06:49] INFO: Total: 4/4 pillars successful
[2026-02-26 05:06:49] SUCCESS: 🎉 FULL CYCLE COMPLETE - All pillars operational!
[2026-02-26 05:06:49] INFO: ======================================================================
